2025-11-10 17:48:52 - urllib3.connectionpool - DEBUG - Starting new HTTPS connection (1): open.feishu.cn:443
2025-11-10 17:49:03 - urllib3.connectionpool - DEBUG - https://open.feishu.cn:443 "POST /open-apis/bot/v2/hook/e49f7f96-12a2-494e-b724-56b0de221f84 HTTP/11" 200 77
2025-11-10 17:49:28 - urllib3.connectionpool - DEBUG - Starting new HTTPS connection (1): openapi.lingxing.com:443
2025-11-10 17:49:29 - urllib3.connectionpool - DEBUG - https://openapi.lingxing.com:443 "POST /api/auth-server/oauth/access-token HTTP/11" 200 None
2025-11-10 17:49:29 - urllib3.connectionpool - DEBUG - Starting new HTTPS connection (1): open.feishu.cn:443
2025-11-10 17:49:29 - urllib3.connectionpool - DEBUG - https://open.feishu.cn:443 "POST /open-apis/bot/v2/hook/e49f7f96-12a2-494e-b724-56b0de221f84 HTTP/11" 200 77
2025-11-10 17:50:02 - urllib3.connectionpool - DEBUG - Starting new HTTPS connection (1): openapi.lingxing.com:443
2025-11-10 17:50:03 - urllib3.connectionpool - DEBUG - https://openapi.lingxing.com:443 "POST /api/auth-server/oauth/access-token HTTP/11" 200 None
2025-11-10 17:50:03 - urllib3.connectionpool - DEBUG - Starting new HTTPS connection (1): open.feishu.cn:443
2025-11-10 17:50:03 - urllib3.connectionpool - DEBUG - https://open.feishu.cn:443 "POST /open-apis/bot/v2/hook/e49f7f96-12a2-494e-b724-56b0de221f84 HTTP/11" 200 77
2025-11-10 17:50:37 - urllib3.connectionpool - DEBUG - Starting new HTTPS connection (1): openapi.lingxing.com:443
2025-11-10 17:50:37 - urllib3.connectionpool - DEBUG - https://openapi.lingxing.com:443 "POST /api/auth-server/oauth/access-token HTTP/11" 200 None
2025-11-10 17:51:01 - urllib3.connectionpool - DEBUG - Starting new HTTPS connection (1): openapi.lingxing.com:443
2025-11-10 17:51:02 - urllib3.connectionpool - DEBUG - https://openapi.lingxing.com:443 "POST /api/auth-server/oauth/access-token HTTP/11" 200 None
2025-11-10 17:53:02 - urllib3.connectionpool - DEBUG - Starting new HTTPS connection (1): openapi.lingxing.com:443
2025-11-10 17:53:03 - urllib3.connectionpool - DEBUG - https://openapi.lingxing.com:443 "POST /api/auth-server/oauth/access-token HTTP/11" 200 None
2025-11-10 17:53:14 - urllib3.connectionpool - DEBUG - Starting new HTTPS connection (1): openapi.lingxing.com:443
2025-11-10 17:53:14 - urllib3.connectionpool - DEBUG - https://openapi.lingxing.com:443 "POST /api/auth-server/oauth/access-token HTTP/11" 200 None
2025-11-10 17:53:14 - urllib3.connectionpool - DEBUG - Starting new HTTPS connection (1): openapi.lingxing.com:443
2025-11-10 17:53:14 - urllib3.connectionpool - DEBUG - https://openapi.lingxing.com:443 "GET /erp/sc/data/seller/lists?access_token=1b8ede5b-f6d5-4575-9476-528b222651a2&app_key=ak_rhvvA99g8tNpb&timestamp=1762768394&sign=G1juWYsHEPoLznbmFHLwFCvogAGYQwa5ztQO8TQ%2Bu36x9ColUIIRsQ2yVvJpyLWK HTTP/11" 200 None
2025-11-10 17:53:14 - urllib3.connectionpool - DEBUG - Starting new HTTPS connection (1): openapi.lingxing.com:443
2025-11-10 17:53:14 - urllib3.connectionpool - DEBUG - https://openapi.lingxing.com:443 "POST /api/auth-server/oauth/access-token HTTP/11" 200 None
2025-11-10 17:53:14 - urllib3.connectionpool - DEBUG - Starting new HTTPS connection (1): openapi.lingxing.com:443
2025-11-10 17:53:14 - urllib3.connectionpool - DEBUG - https://openapi.lingxing.com:443 "POST /erp/sc/listing/ProductPricing/pricingSubmit?access_token=1b8ede5b-f6d5-4575-9476-528b222651a2&app_key=ak_rhvvA99g8tNpb&timestamp=1762768394&sign=/aRELVB4PFI0bxGEwKbl%2BOp0oDMXgYWHfv/wHQVfr3Cx9ColUIIRsQ2yVvJpyLWK HTTP/11" 200 60
2025-11-10 17:53:50 - urllib3.connectionpool - DEBUG - Starting new HTTPS connection (1): openapi.lingxing.com:443
2025-11-10 17:53:50 - urllib3.connectionpool - DEBUG - https://openapi.lingxing.com:443 "POST /api/auth-server/oauth/access-token HTTP/11" 200 None
2025-11-10 17:53:50 - urllib3.connectionpool - DEBUG - Starting new HTTPS connection (1): openapi.lingxing.com:443
2025-11-10 17:53:50 - urllib3.connectionpool - DEBUG - https://openapi.lingxing.com:443 "GET /erp/sc/data/seller/lists?access_token=1b8ede5b-f6d5-4575-9476-528b222651a2&app_key=ak_rhvvA99g8tNpb&timestamp=1762768430&sign=2GQAqNNyp%2BvTLrszkEA5csO3LCObrvAZwOCKiNIsPXqx9ColUIIRsQ2yVvJpyLWK HTTP/11" 200 None
2025-11-10 17:53:50 - urllib3.connectionpool - DEBUG - Starting new HTTPS connection (1): openapi.lingxing.com:443
2025-11-10 17:53:50 - urllib3.connectionpool - DEBUG - https://openapi.lingxing.com:443 "POST /api/auth-server/oauth/access-token HTTP/11" 200 None
2025-11-10 17:53:51 - urllib3.connectionpool - DEBUG - Starting new HTTPS connection (1): openapi.lingxing.com:443
2025-11-10 17:53:51 - urllib3.connectionpool - DEBUG - https://openapi.lingxing.com:443 "POST /erp/sc/listing/ProductPricing/pricingSubmit?access_token=1b8ede5b-f6d5-4575-9476-528b222651a2&app_key=ak_rhvvA99g8tNpb&timestamp=1762768430&sign=3Hl%2BHISi7XrEIxsIKnFYLcE5ltxPGUeQCodmaSSuE3yx9ColUIIRsQ2yVvJpyLWK HTTP/11" 200 60
2025-11-10 17:57:50 - urllib3.connectionpool - DEBUG - Starting new HTTPS connection (1): openapi.lingxing.com:443
2025-11-10 17:57:50 - urllib3.connectionpool - DEBUG - https://openapi.lingxing.com:443 "POST /api/auth-server/oauth/access-token HTTP/11" 200 None
2025-11-10 17:57:50 - urllib3.connectionpool - DEBUG - Starting new HTTPS connection (1): openapi.lingxing.com:443
2025-11-10 17:57:50 - urllib3.connectionpool - DEBUG - https://openapi.lingxing.com:443 "GET /erp/sc/data/seller/lists?access_token=1b8ede5b-f6d5-4575-9476-528b222651a2&app_key=ak_rhvvA99g8tNpb&timestamp=1762768670&sign=2KIp9/vr9jod0lKRKVPcfkCXn851mfGAL/9e/5wiWC6x9ColUIIRsQ2yVvJpyLWK HTTP/11" 200 None
2025-11-10 17:57:50 - urllib3.connectionpool - DEBUG - Starting new HTTPS connection (1): openapi.lingxing.com:443
2025-11-10 17:57:50 - urllib3.connectionpool - DEBUG - https://openapi.lingxing.com:443 "POST /api/auth-server/oauth/access-token HTTP/11" 200 None
2025-11-10 17:57:50 - urllib3.connectionpool - DEBUG - Starting new HTTPS connection (1): openapi.lingxing.com:443
2025-11-10 17:57:50 - urllib3.connectionpool - DEBUG - https://openapi.lingxing.com:443 "POST /erp/sc/listing/ProductPricing/pricingSubmit?access_token=1b8ede5b-f6d5-4575-9476-528b222651a2&app_key=ak_rhvvA99g8tNpb&timestamp=1762768670&sign=WdDmMXR/KhHqECqrloMoZPf6Turc/9006KtbrRAKArGx9ColUIIRsQ2yVvJpyLWK HTTP/11" 200 60
2025-11-10 18:00:45 - urllib3.connectionpool - DEBUG - Starting new HTTPS connection (1): openapi.lingxing.com:443
2025-11-10 18:00:46 - urllib3.connectionpool - DEBUG - https://openapi.lingxing.com:443 "POST /api/auth-server/oauth/access-token HTTP/11" 200 None
2025-11-10 18:00:46 - urllib3.connectionpool - DEBUG - Starting new HTTPS connection (1): openapi.lingxing.com:443
2025-11-10 18:00:46 - urllib3.connectionpool - DEBUG - https://openapi.lingxing.com:443 "GET /erp/sc/data/seller/lists?access_token=1b8ede5b-f6d5-4575-9476-528b222651a2&app_key=ak_rhvvA99g8tNpb&timestamp=1762768846&sign=NwOD%2BYPnwaYMwDBZH3XKPnlG8Jdv3csCwme0eL3KNgWx9ColUIIRsQ2yVvJpyLWK HTTP/11" 200 None
2025-11-10 18:00:46 - urllib3.connectionpool - DEBUG - Starting new HTTPS connection (1): openapi.lingxing.com:443
2025-11-10 18:00:46 - urllib3.connectionpool - DEBUG - https://openapi.lingxing.com:443 "POST /api/auth-server/oauth/access-token HTTP/11" 200 None
2025-11-10 18:00:46 - urllib3.connectionpool - DEBUG - Starting new HTTPS connection (1): openapi.lingxing.com:443
2025-11-10 18:00:46 - urllib3.connectionpool - DEBUG - https://openapi.lingxing.com:443 "POST /erp/sc/listing/ProductPricing/pricingSubmit?access_token=1b8ede5b-f6d5-4575-9476-528b222651a2&app_key=ak_rhvvA99g8tNpb&timestamp=1762768846&sign=xbUV2OZrK9reesh%2BaLGQI4wA9IATUBmmzOzJ0xhr%2Bxmx9ColUIIRsQ2yVvJpyLWK HTTP/11" 200 60
2025-11-10 18:01:37 - urllib3.connectionpool - DEBUG - Starting new HTTPS connection (1): openapi.lingxing.com:443
2025-11-10 18:01:38 - urllib3.connectionpool - DEBUG - https://openapi.lingxing.com:443 "POST /api/auth-server/oauth/access-token HTTP/11" 200 None
2025-11-10 18:01:38 - urllib3.connectionpool - DEBUG - Starting new HTTPS connection (1): openapi.lingxing.com:443
2025-11-10 18:01:38 - urllib3.connectionpool - DEBUG - https://openapi.lingxing.com:443 "GET /erp/sc/data/seller/lists?access_token=7784bf56-2b86-4c7a-a727-5495f5bb9523&app_key=ak_rhvvA99g8tNpb&timestamp=1762768898&sign=TwCUieougJdZ2%2BXoO573LYfxTlL2vGy850VcLke352Kx9ColUIIRsQ2yVvJpyLWK HTTP/11" 200 None
2025-11-10 18:01:38 - urllib3.connectionpool - DEBUG - Starting new HTTPS connection (1): openapi.lingxing.com:443
2025-11-10 18:01:38 - urllib3.connectionpool - DEBUG - https://openapi.lingxing.com:443 "POST /api/auth-server/oauth/access-token HTTP/11" 200 None
2025-11-10 18:01:38 - urllib3.connectionpool - DEBUG - Starting new HTTPS connection (1): openapi.lingxing.com:443
2025-11-10 18:01:38 - urllib3.connectionpool - DEBUG - https://openapi.lingxing.com:443 "POST /erp/sc/listing/ProductPricing/pricingSubmit?access_token=7784bf56-2b86-4c7a-a727-5495f5bb9523&app_key=ak_rhvvA99g8tNpb&timestamp=1762768898&sign=rCJsu9E4UxIl54VHyzushs0z8a40VXugOOyiLERyx8yx9ColUIIRsQ2yVvJpyLWK HTTP/11" 200 60
2025-11-11 08:49:13 - urllib3.connectionpool - DEBUG - Starting new HTTPS connection (1): openapi.lingxing.com:443
2025-11-11 08:49:13 - urllib3.connectionpool - DEBUG - https://openapi.lingxing.com:443 "POST /api/auth-server/oauth/access-token HTTP/11" 200 None
2025-11-11 08:49:13 - urllib3.connectionpool - DEBUG - Starting new HTTPS connection (1): openapi.lingxing.com:443
2025-11-11 08:49:14 - urllib3.connectionpool - DEBUG - https://openapi.lingxing.com:443 "GET /erp/sc/data/seller/lists?access_token=6926251d-cfb7-4ab8-bf9b-98cf583785ae&app_key=ak_rhvvA99g8tNpb&timestamp=1762822153&sign=8zKLKLjvzh/rSmoib5v9bO7958/FNuSza/4USS9jUpmx9ColUIIRsQ2yVvJpyLWK HTTP/11" 200 None
2025-11-11 08:49:14 - urllib3.connectionpool - DEBUG - Starting new HTTPS connection (1): openapi.lingxing.com:443
2025-11-11 08:49:14 - urllib3.connectionpool - DEBUG - https://openapi.lingxing.com:443 "POST /api/auth-server/oauth/access-token HTTP/11" 200 None
2025-11-11 08:49:14 - urllib3.connectionpool - DEBUG - Starting new HTTPS connection (1): openapi.lingxing.com:443
2025-11-11 08:49:14 - urllib3.connectionpool - DEBUG - https://openapi.lingxing.com:443 "POST /erp/sc/listing/ProductPricing/pricingSubmit?access_token=6926251d-cfb7-4ab8-bf9b-98cf583785ae&app_key=ak_rhvvA99g8tNpb&timestamp=1762822154&sign=uNYvAvJbwPC1iabyh3Y4e7sHj/yPE7nSW2pSdZDr4m6x9ColUIIRsQ2yVvJpyLWK HTTP/11" 200 60
2025-11-11 09:00:26 - urllib3.connectionpool - DEBUG - Starting new HTTPS connection (1): openapi.lingxing.com:443
2025-11-11 09:00:26 - urllib3.connectionpool - DEBUG - https://openapi.lingxing.com:443 "POST /api/auth-server/oauth/access-token HTTP/11" 200 None
2025-11-11 09:00:55 - urllib3.connectionpool - DEBUG - Starting new HTTPS connection (1): openapi.lingxing.com:443
2025-11-11 09:00:55 - urllib3.connectionpool - DEBUG - https://openapi.lingxing.com:443 "POST /api/auth-server/oauth/access-token HTTP/11" 200 None
2025-11-11 09:01:41 - urllib3.connectionpool - DEBUG - Starting new HTTPS connection (1): openapi.lingxing.com:443
2025-11-11 09:01:41 - urllib3.connectionpool - DEBUG - https://openapi.lingxing.com:443 "POST /api/auth-server/oauth/access-token HTTP/11" 200 None
2025-11-11 09:05:11 - urllib3.connectionpool - DEBUG - Starting new HTTPS connection (1): openapi.lingxing.com:443
2025-11-11 09:05:11 - urllib3.connectionpool - DEBUG - https://openapi.lingxing.com:443 "POST /api/auth-server/oauth/access-token HTTP/11" 200 None
2025-11-11 09:05:59 - urllib3.connectionpool - DEBUG - Starting new HTTPS connection (1): openapi.lingxing.com:443
2025-11-11 09:05:59 - urllib3.connectionpool - DEBUG - https://openapi.lingxing.com:443 "POST /api/auth-server/oauth/access-token HTTP/11" 200 None
2025-11-11 09:07:08 - urllib3.connectionpool - DEBUG - Starting new HTTPS connection (1): openapi.lingxing.com:443
2025-11-11 09:07:08 - urllib3.connectionpool - DEBUG - https://openapi.lingxing.com:443 "POST /api/auth-server/oauth/access-token HTTP/11" 200 None
2025-11-11 09:07:56 - urllib3.connectionpool - DEBUG - Starting new HTTPS connection (1): openapi.lingxing.com:443
2025-11-11 09:07:56 - urllib3.connectionpool - DEBUG - https://openapi.lingxing.com:443 "POST /api/auth-server/oauth/access-token HTTP/11" 200 None
2025-11-11 09:08:00 - urllib3.connectionpool - DEBUG - Starting new HTTPS connection (1): openapi.lingxing.com:443
2025-11-11 09:08:00 - urllib3.connectionpool - DEBUG - https://openapi.lingxing.com:443 "POST /erp/sc/listing/ProductPricing/pricingSubmit?access_token=6926251d-cfb7-4ab8-bf9b-98cf583785ae&app_key=ak_rhvvA99g8tNpb&timestamp=1762823276&sign=OxyVZJbPH0/DEOVB/H4A90jqnX6xtLqpOxbsnnxnOXOx9ColUIIRsQ2yVvJpyLWK HTTP/11" 200 60
2025-11-11 09:08:53 - urllib3.connectionpool - DEBUG - Starting new HTTPS connection (1): openapi.lingxing.com:443
2025-11-11 09:08:53 - urllib3.connectionpool - DEBUG - https://openapi.lingxing.com:443 "POST /api/auth-server/oauth/access-token HTTP/11" 200 None
2025-11-11 09:09:49 - urllib3.connectionpool - DEBUG - Starting new HTTPS connection (1): openapi.lingxing.com:443
2025-11-11 09:09:49 - urllib3.connectionpool - DEBUG - https://openapi.lingxing.com:443 "POST /api/auth-server/oauth/access-token HTTP/11" 200 None
2025-11-11 09:09:54 - urllib3.connectionpool - DEBUG - Starting new HTTPS connection (1): openapi.lingxing.com:443
2025-11-11 09:09:54 - urllib3.connectionpool - DEBUG - https://openapi.lingxing.com:443 "POST /erp/sc/listing/ProductPricing/pricingSubmit?access_token=6926251d-cfb7-4ab8-bf9b-98cf583785ae&app_key=ak_rhvvA99g8tNpb&timestamp=1762823389&sign=OrCduMSihOrB3MNPTGyL/JsLJx3BxdQMfT0O1D1BSeWx9ColUIIRsQ2yVvJpyLWK HTTP/11" 200 None
2025-11-11 09:12:36 - urllib3.connectionpool - DEBUG - Starting new HTTPS connection (1): openapi.lingxing.com:443
2025-11-11 09:12:37 - urllib3.connectionpool - DEBUG - https://openapi.lingxing.com:443 "POST /api/auth-server/oauth/access-token HTTP/11" 200 None
2025-11-11 09:12:45 - urllib3.connectionpool - DEBUG - Starting new HTTPS connection (1): openapi.lingxing.com:443
2025-11-11 09:12:46 - urllib3.connectionpool - DEBUG - https://openapi.lingxing.com:443 "POST /api/auth-server/oauth/access-token HTTP/11" 200 None
2025-11-11 09:14:19 - urllib3.connectionpool - DEBUG - Starting new HTTPS connection (1): openapi.lingxing.com:443
2025-11-11 09:14:19 - urllib3.connectionpool - DEBUG - https://openapi.lingxing.com:443 "POST /erp/sc/listing/ProductPricing/pricingSubmit?access_token=6926251d-cfb7-4ab8-bf9b-98cf583785ae&app_key=ak_rhvvA99g8tNpb&timestamp=1762823566&sign=VLMLjfunCkzTp/ziaJjwUT%2BRIZ69dEpETP0m3UohM0%2Bx9ColUIIRsQ2yVvJpyLWK HTTP/11" 200 60
2025-11-11 09:24:10 - urllib3.connectionpool - DEBUG - Starting new HTTPS connection (1): openapi.lingxing.com:443
2025-11-11 09:24:10 - urllib3.connectionpool - DEBUG - https://openapi.lingxing.com:443 "POST /api/auth-server/oauth/access-token HTTP/11" 200 None
2025-11-11 09:24:11 - urllib3.connectionpool - DEBUG - Starting new HTTPS connection (1): openapi.lingxing.com:443
2025-11-11 09:24:12 - urllib3.connectionpool - DEBUG - https://openapi.lingxing.com:443 "POST /erp/sc/listing/ProductPricing/pricingSubmit?access_token=6926251d-cfb7-4ab8-bf9b-98cf583785ae&app_key=ak_rhvvA99g8tNpb&timestamp=1762824250&sign=KkCEmLALLyc379G2%2BjffAuZtvtzSjP6HHs2q/Cm/iLmx9ColUIIRsQ2yVvJpyLWK HTTP/11" 200 None
2025-11-11 09:27:34 - urllib3.connectionpool - DEBUG - Starting new HTTPS connection (1): openapi.lingxing.com:443
2025-11-11 09:27:35 - urllib3.connectionpool - DEBUG - https://openapi.lingxing.com:443 "POST /api/auth-server/oauth/access-token HTTP/11" 200 None
2025-11-11 09:27:36 - urllib3.connectionpool - DEBUG - Starting new HTTPS connection (1): openapi.lingxing.com:443
2025-11-11 09:27:37 - urllib3.connectionpool - DEBUG - https://openapi.lingxing.com:443 "POST /erp/sc/listing/ProductPricing/pricingSubmit?access_token=6926251d-cfb7-4ab8-bf9b-98cf583785ae&app_key=ak_rhvvA99g8tNpb&timestamp=1762824455&sign=502TzjJGB3lMTYocSbTApAfY2FfmpPWIVRhrOt9V1Emx9ColUIIRsQ2yVvJpyLWK HTTP/11" 200 None
2025-11-11 09:34:10 - urllib3.connectionpool - DEBUG - Starting new HTTPS connection (1): openapi.lingxing.com:443
2025-11-11 09:34:10 - urllib3.connectionpool - DEBUG - https://openapi.lingxing.com:443 "POST /api/auth-server/oauth/access-token HTTP/11" 200 None
2025-11-11 09:34:12 - urllib3.connectionpool - DEBUG - Starting new HTTPS connection (1): openapi.lingxing.com:443
2025-11-11 09:34:13 - urllib3.connectionpool - DEBUG - https://openapi.lingxing.com:443 "POST /erp/sc/listing/ProductPricing/pricingSubmit?access_token=6926251d-cfb7-4ab8-bf9b-98cf583785ae&app_key=ak_rhvvA99g8tNpb&timestamp=1762824850&sign=2zoV710iaR4AZFwtP607Crbfm2J8Su2hVA46Mz5SFvax9ColUIIRsQ2yVvJpyLWK HTTP/11" 200 None
2025-11-11 09:38:10 - urllib3.connectionpool - DEBUG - Starting new HTTPS connection (1): openapi.lingxing.com:443
2025-11-11 09:38:10 - urllib3.connectionpool - DEBUG - https://openapi.lingxing.com:443 "POST /api/auth-server/oauth/access-token HTTP/11" 200 None
2025-11-11 09:38:10 - urllib3.connectionpool - DEBUG - Starting new HTTPS connection (1): openapi.lingxing.com:443
2025-11-11 09:38:11 - urllib3.connectionpool - DEBUG - https://openapi.lingxing.com:443 "POST /erp/sc/listing/ProductPricing/pricingSubmit?access_token=6926251d-cfb7-4ab8-bf9b-98cf583785ae&app_key=ak_rhvvA99g8tNpb&timestamp=1762825090&sign=PiME1MVkWJHMlPknpcnAZis8NAz9b51VuSYmB8N5cSax9ColUIIRsQ2yVvJpyLWK HTTP/11" 200 None
2025-11-11 09:39:16 - urllib3.connectionpool - DEBUG - Starting new HTTPS connection (1): openapi.lingxing.com:443
2025-11-11 09:39:16 - urllib3.connectionpool - DEBUG - https://openapi.lingxing.com:443 "POST /api/auth-server/oauth/access-token HTTP/11" 200 None
2025-11-11 09:39:16 - urllib3.connectionpool - DEBUG - Starting new HTTPS connection (1): openapi.lingxing.com:443
2025-11-11 09:39:16 - urllib3.connectionpool - DEBUG - https://openapi.lingxing.com:443 "POST /erp/sc/listing/ProductPricing/pricingSubmit?access_token=6926251d-cfb7-4ab8-bf9b-98cf583785ae&app_key=ak_rhvvA99g8tNpb&timestamp=1762825156&sign=MFrrA3yoIlF2Wwd6C0Iyz6X6ShLu6nFJi0vuyeEZ%2B8Kx9ColUIIRsQ2yVvJpyLWK HTTP/11" 200 None
2025-11-11 09:39:49 - urllib3.connectionpool - DEBUG - Starting new HTTPS connection (1): openapi.lingxing.com:443
2025-11-11 09:39:49 - urllib3.connectionpool - DEBUG - https://openapi.lingxing.com:443 "POST /api/auth-server/oauth/access-token HTTP/11" 200 None
2025-11-11 09:39:49 - urllib3.connectionpool - DEBUG - Starting new HTTPS connection (1): openapi.lingxing.com:443
2025-11-11 09:40:00 - urllib3.connectionpool - DEBUG - https://openapi.lingxing.com:443 "POST /erp/sc/listing/ProductPricing/pricingSubmit?access_token=6926251d-cfb7-4ab8-bf9b-98cf583785ae&app_key=ak_rhvvA99g8tNpb&timestamp=1762825189&sign=RuUtu0k75DAISI0oXMVpTrcucQwq8IvbxN%2Bg9ePD8j6x9ColUIIRsQ2yVvJpyLWK HTTP/11" 200 None
2025-11-11 09:40:17 - urllib3.connectionpool - DEBUG - Starting new HTTPS connection (1): openapi.lingxing.com:443
2025-11-11 09:40:17 - urllib3.connectionpool - DEBUG - https://openapi.lingxing.com:443 "POST /api/auth-server/oauth/access-token HTTP/11" 200 None
2025-11-11 09:40:17 - urllib3.connectionpool - DEBUG - Starting new HTTPS connection (1): openapi.lingxing.com:443
2025-11-11 09:40:18 - urllib3.connectionpool - DEBUG - https://openapi.lingxing.com:443 "POST /erp/sc/listing/ProductPricing/pricingSubmit?access_token=6926251d-cfb7-4ab8-bf9b-98cf583785ae&app_key=ak_rhvvA99g8tNpb&timestamp=1762825217&sign=AGDnse/bLVr05UlVllt/r1i6BrIT9%2BWpyQWPECQsr4Wx9ColUIIRsQ2yVvJpyLWK HTTP/11" 200 None
2025-11-11 09:40:56 - urllib3.connectionpool - DEBUG - Starting new HTTPS connection (1): openapi.lingxing.com:443
2025-11-11 09:40:56 - urllib3.connectionpool - DEBUG - https://openapi.lingxing.com:443 "POST /api/auth-server/oauth/access-token HTTP/11" 200 None
2025-11-11 09:40:56 - urllib3.connectionpool - DEBUG - Starting new HTTPS connection (1): openapi.lingxing.com:443
2025-11-11 09:40:57 - urllib3.connectionpool - DEBUG - https://openapi.lingxing.com:443 "POST /erp/sc/listing/ProductPricing/pricingSubmit?access_token=6926251d-cfb7-4ab8-bf9b-98cf583785ae&app_key=ak_rhvvA99g8tNpb&timestamp=1762825256&sign=0rgLGkD%2BRNNzyHn07H04NvPtfA1j799riRuBlB9bJhex9ColUIIRsQ2yVvJpyLWK HTTP/11" 200 None
2025-11-11 09:41:45 - urllib3.connectionpool - DEBUG - Starting new HTTPS connection (1): openapi.lingxing.com:443
2025-11-11 09:41:45 - urllib3.connectionpool - DEBUG - https://openapi.lingxing.com:443 "POST /api/auth-server/oauth/access-token HTTP/11" 200 None
2025-11-11 09:41:45 - urllib3.connectionpool - DEBUG - Starting new HTTPS connection (1): openapi.lingxing.com:443
2025-11-11 09:41:46 - urllib3.connectionpool - DEBUG - https://openapi.lingxing.com:443 "POST /erp/sc/listing/ProductPricing/pricingSubmit?access_token=6926251d-cfb7-4ab8-bf9b-98cf583785ae&app_key=ak_rhvvA99g8tNpb&timestamp=1762825305&sign=xvqSDPP3rcCVhbhcOQEb805thXVmggIGKAXVWrQkF9ax9ColUIIRsQ2yVvJpyLWK HTTP/11" 200 None
2025-11-11 09:43:12 - urllib3.connectionpool - DEBUG - Starting new HTTPS connection (1): openapi.lingxing.com:443
2025-11-11 09:43:12 - urllib3.connectionpool - DEBUG - https://openapi.lingxing.com:443 "POST /api/auth-server/oauth/access-token HTTP/11" 200 None
2025-11-11 09:43:12 - urllib3.connectionpool - DEBUG - Starting new HTTPS connection (1): openapi.lingxing.com:443
2025-11-11 09:43:13 - urllib3.connectionpool - DEBUG - https://openapi.lingxing.com:443 "POST /erp/sc/listing/ProductPricing/pricingSubmit?access_token=6926251d-cfb7-4ab8-bf9b-98cf583785ae&app_key=ak_rhvvA99g8tNpb&timestamp=1762825392&sign=MfE4ySfzQGUApk%2B%2B61dkwyH5anLk1uuHXnRlBOxkhpCx9ColUIIRsQ2yVvJpyLWK HTTP/11" 200 None
2025-11-11 10:53:49 - urllib3.connectionpool - DEBUG - Starting new HTTPS connection (1): openapi.lingxing.com:443
2025-11-11 10:53:49 - urllib3.connectionpool - DEBUG - https://openapi.lingxing.com:443 "POST /api/auth-server/oauth/access-token HTTP/11" 200 None
2025-11-11 10:53:49 - urllib3.connectionpool - DEBUG - Starting new HTTPS connection (1): openapi.lingxing.com:443
2025-11-11 10:53:50 - urllib3.connectionpool - DEBUG - https://openapi.lingxing.com:443 "POST /erp/sc/listing/ProductPricing/pricingSubmit?access_token=cc89bfb1-a6df-4c85-bf21-96b8946e1bbd&app_key=ak_rhvvA99g8tNpb&timestamp=1762829629&sign=bzXHcu8YzudeCppDo/K07unobfH26vl0k42cNqf337yx9ColUIIRsQ2yVvJpyLWK HTTP/11" 200 None
2025-11-11 10:56:31 - urllib3.connectionpool - DEBUG - Starting new HTTPS connection (1): openapi.lingxing.com:443
2025-11-11 10:56:42 - urllib3.connectionpool - DEBUG - https://openapi.lingxing.com:443 "POST /api/auth-server/oauth/access-token HTTP/11" 200 None
2025-11-11 10:56:42 - urllib3.connectionpool - DEBUG - Starting new HTTPS connection (1): openapi.lingxing.com:443
2025-11-11 10:56:43 - urllib3.connectionpool - DEBUG - https://openapi.lingxing.com:443 "POST /erp/sc/listing/ProductPricing/pricingSubmit?access_token=cc89bfb1-a6df-4c85-bf21-96b8946e1bbd&app_key=ak_rhvvA99g8tNpb&timestamp=1762829802&sign=Hs/FU73Em7621%2BT7abTyWDkvxE/Spy1ME63WIYwGkROx9ColUIIRsQ2yVvJpyLWK HTTP/11" 200 None
